<?xml version="1.0" encoding="UTF-8"?>
<testng-results ignored="0" total="1" passed="1" failed="0" skipped="0">
  <reporter-output>
    <line>
      <![CDATA[No of rows are::7]]>
    </line>
    <line>
      <![CDATA[Add Employee Sucess::0935    0935]]>
    </line>
    <line>
      <![CDATA[Add Employee Sucess::0936    0936]]>
    </line>
    <line>
      <![CDATA[Add Employee Sucess::0937    0937]]>
    </line>
    <line>
      <![CDATA[Add Employee Sucess::0938    0938]]>
    </line>
    <line>
      <![CDATA[Add Employee Sucess::0939    0939]]>
    </line>
    <line>
      <![CDATA[Add Employee Sucess::0940    0940]]>
    </line>
    <line>
      <![CDATA[Add Employee Sucess::0941    0941]]>
    </line>
  </reporter-output>
  <suite started-at="2024-11-18T10:25:21 IST" name="Default suite" finished-at="2024-11-18T10:26:46 IST" duration-ms="85776">
    <groups>
    </groups>
    <test started-at="2024-11-18T10:25:21 IST" name="Default test" finished-at="2024-11-18T10:26:46 IST" duration-ms="85776">
      <class name="driverFactory.AppTest">
        <test-method is-config="true" signature="setup()[pri:0, instance:driverFactory.AppTest@175c2241]" started-at="2024-11-18T10:25:21 IST" name="setup" finished-at="2024-11-18T10:25:26 IST" duration-ms="5842" status="PASS">
          <reporter-output>
          </reporter-output>
        </test-method> <!-- setup -->
        <test-method signature="startTest()[pri:0, instance:driverFactory.AppTest@175c2241]" started-at="2024-11-18T10:25:26 IST" name="startTest" finished-at="2024-11-18T10:26:43 IST" duration-ms="76239" status="PASS">
          <reporter-output>
            <line>
              <![CDATA[No of rows are::7]]>
            </line>
            <line>
              <![CDATA[Add Employee Sucess::0935    0935]]>
            </line>
            <line>
              <![CDATA[Add Employee Sucess::0936    0936]]>
            </line>
            <line>
              <![CDATA[Add Employee Sucess::0937    0937]]>
            </line>
            <line>
              <![CDATA[Add Employee Sucess::0938    0938]]>
            </line>
            <line>
              <![CDATA[Add Employee Sucess::0939    0939]]>
            </line>
            <line>
              <![CDATA[Add Employee Sucess::0940    0940]]>
            </line>
            <line>
              <![CDATA[Add Employee Sucess::0941    0941]]>
            </line>
          </reporter-output>
        </test-method> <!-- startTest -->
        <test-method is-config="true" signature="tearDown()[pri:0, instance:driverFactory.AppTest@175c2241]" started-at="2024-11-18T10:26:43 IST" name="tearDown" finished-at="2024-11-18T10:26:46 IST" duration-ms="3613" status="PASS">
          <reporter-output>
          </reporter-output>
        </test-method> <!-- tearDown -->
      </class> <!-- driverFactory.AppTest -->
    </test> <!-- Default test -->
  </suite> <!-- Default suite -->
</testng-results>
